<?xml version="1.0" encoding="UTF-8"?>
<!-- Generated by org.testng.reporters.JUnitXMLReporter -->
<testsuite ignored="0" hostname="DESKTOP-JRNB4RM" failures="3" tests="5" name="Test" time="74.021" errors="0" timestamp="2019-12-19T12:28:17 IST">
  <testcase classname="com.patient_Role_Tests.Econsult_Page_Test" name="E_consult" time="0.031">
    <failure type="org.openqa.selenium.NoSuchSessionException" message="A session is either terminated or not started
Build info: version: &amp;apos;3.141.59&amp;apos;, revision: &amp;apos;e82be7d358&amp;apos;, time: &amp;apos;2018-11-14T08:17:03&amp;apos;
System info: host: &amp;apos;DESKTOP-JRNB4RM&amp;apos;, ip: &amp;apos;192.168.1.245&amp;apos;, os.name: &amp;apos;Windows 10&amp;apos;, os.arch: &amp;apos;amd64&amp;apos;, os.version: &amp;apos;10.0&amp;apos;, java.version: &amp;apos;11.0.5&amp;apos;
Driver info: io.appium.java_client.android.AndroidDriver
Capabilities {app: C:\apkFiles\Wellzio-RELEASE..., appActivity: .MainActivity, appPackage: com.wellzio, autoAcceptAlerts: true, autoDismissAlerts: true, databaseEnabled: false, desired: {app: C:\apkFiles\Wellzio-RELEASE..., appActivity: .MainActivity, appPackage: com.wellzio, autoAcceptAlerts: true, autoDismissAlerts: true, deviceName: Android Emulator, noReset: true, platformName: android, platformVersion: 9, resetKeyboard: true, unicodeKeyboard: true}, deviceManufacturer: Google, deviceModel: Android SDK built for x86, deviceName: emulator-5554, deviceScreenSize: 480x800, deviceUDID: emulator-5554, javascriptEnabled: true, locationContextEnabled: false, networkConnectionEnabled: true, noReset: true, platform: LINUX, platformName: Android, platformVersion: 9, resetKeyboard: true, takesScreenshot: true, unicodeKeyboard: true, warnings: {}, webStorageEnabled: false}
Session ID: d8cdfa55-f892-4e7c-b753-55dabe5434be">
      <![CDATA[org.openqa.selenium.NoSuchSessionException: A session is either terminated or not started
Build info: version: '3.141.59', revision: 'e82be7d358', time: '2018-11-14T08:17:03'
System info: host: 'DESKTOP-JRNB4RM', ip: '192.168.1.245', os.name: 'Windows 10', os.arch: 'amd64', os.version: '10.0', java.version: '11.0.5'
Driver info: io.appium.java_client.android.AndroidDriver
Capabilities {app: C:\apkFiles\Wellzio-RELEASE..., appActivity: .MainActivity, appPackage: com.wellzio, autoAcceptAlerts: true, autoDismissAlerts: true, databaseEnabled: false, desired: {app: C:\apkFiles\Wellzio-RELEASE..., appActivity: .MainActivity, appPackage: com.wellzio, autoAcceptAlerts: true, autoDismissAlerts: true, deviceName: Android Emulator, noReset: true, platformName: android, platformVersion: 9, resetKeyboard: true, unicodeKeyboard: true}, deviceManufacturer: Google, deviceModel: Android SDK built for x86, deviceName: emulator-5554, deviceScreenSize: 480x800, deviceUDID: emulator-5554, javascriptEnabled: true, locationContextEnabled: false, networkConnectionEnabled: true, noReset: true, platform: LINUX, platformName: Android, platformVersion: 9, resetKeyboard: true, takesScreenshot: true, unicodeKeyboard: true, warnings: {}, webStorageEnabled: false}
Session ID: d8cdfa55-f892-4e7c-b753-55dabe5434be
at org.openqa.selenium.remote.http.W3CHttpResponseCodec.createException(W3CHttpResponseCodec.java:187)
at org.openqa.selenium.remote.http.W3CHttpResponseCodec.decode(W3CHttpResponseCodec.java:122)
at org.openqa.selenium.remote.http.W3CHttpResponseCodec.decode(W3CHttpResponseCodec.java:49)
at org.openqa.selenium.remote.HttpCommandExecutor.execute(HttpCommandExecutor.java:158)
at io.appium.java_client.remote.AppiumCommandExecutor.execute(AppiumCommandExecutor.java:239)
at org.openqa.selenium.remote.RemoteWebDriver.execute(RemoteWebDriver.java:552)
at io.appium.java_client.DefaultGenericMobileDriver.execute(DefaultGenericMobileDriver.java:45)
at io.appium.java_client.AppiumDriver.execute(AppiumDriver.java:1)
at io.appium.java_client.android.AndroidDriver.execute(AndroidDriver.java:1)
at io.appium.java_client.HasSessionDetails.getSessionDetails(HasSessionDetails.java:42)
at io.appium.java_client.HasSessionDetails.getSessionDetail(HasSessionDetails.java:59)
at io.appium.java_client.HasSessionDetails.isBrowser(HasSessionDetails.java:89)
at io.appium.java_client.AppiumDriver.isBrowser(AppiumDriver.java:317)
at io.appium.java_client.pagefactory.utils.WebDriverUnpackUtility.lambda$0(WebDriverUnpackUtility.java:87)
at java.base/java.util.Optional.map(Optional.java:265)
at io.appium.java_client.pagefactory.utils.WebDriverUnpackUtility.getCurrentContentType(WebDriverUnpackUtility.java:83)
at io.appium.java_client.pagefactory.AppiumElementLocator.getBy(AppiumElementLocator.java:90)
at io.appium.java_client.pagefactory.AppiumElementLocator.findElement(AppiumElementLocator.java:117)
at io.appium.java_client.pagefactory.interceptors.InterceptorOfASingleElement.intercept(InterceptorOfASingleElement.java:59)
at io.appium.java_client.android.AndroidElement$$EnhancerByCGLIB$$b598166c.click(<generated>)
at com.patient_Pages.Econsult_Page.econsult_Create(Econsult_Page.java:55)
at com.patient_Role_Tests.Econsult_Page_Test.E_consult(Econsult_Page_Test.java:42)
at java.base/java.util.concurrent.ThreadPoolExecutor.runWorker(ThreadPoolExecutor.java:1128)
at java.base/java.util.concurrent.ThreadPoolExecutor$Worker.run(ThreadPoolExecutor.java:628)
at java.base/java.lang.Thread.run(Thread.java:834)
... Removed 16 stack frames]]>
    </failure>
  </testcase> <!-- E_consult -->
  <testcase classname="com.patient_Role_Tests.Mychartpagetest" name="settings_Page_IconTest" time="0.031">
    <failure type="org.openqa.selenium.NoSuchSessionException" message="A session is either terminated or not started
Build info: version: &amp;apos;3.141.59&amp;apos;, revision: &amp;apos;e82be7d358&amp;apos;, time: &amp;apos;2018-11-14T08:17:03&amp;apos;
System info: host: &amp;apos;DESKTOP-JRNB4RM&amp;apos;, ip: &amp;apos;192.168.1.245&amp;apos;, os.name: &amp;apos;Windows 10&amp;apos;, os.arch: &amp;apos;amd64&amp;apos;, os.version: &amp;apos;10.0&amp;apos;, java.version: &amp;apos;11.0.5&amp;apos;
Driver info: io.appium.java_client.android.AndroidDriver
Capabilities {app: C:\apkFiles\Wellzio-RELEASE..., appActivity: .MainActivity, appPackage: com.wellzio, autoAcceptAlerts: true, autoDismissAlerts: true, databaseEnabled: false, desired: {app: C:\apkFiles\Wellzio-RELEASE..., appActivity: .MainActivity, appPackage: com.wellzio, autoAcceptAlerts: true, autoDismissAlerts: true, deviceName: Android Emulator, noReset: true, platformName: android, platformVersion: 9, resetKeyboard: true, unicodeKeyboard: true}, deviceManufacturer: Google, deviceModel: Android SDK built for x86, deviceName: emulator-5554, deviceScreenSize: 480x800, deviceUDID: emulator-5554, javascriptEnabled: true, locationContextEnabled: false, networkConnectionEnabled: true, noReset: true, platform: LINUX, platformName: Android, platformVersion: 9, resetKeyboard: true, takesScreenshot: true, unicodeKeyboard: true, warnings: {}, webStorageEnabled: false}
Session ID: b0849b8e-db07-4ac6-a8f1-46196ef12757">
      <![CDATA[org.openqa.selenium.NoSuchSessionException: A session is either terminated or not started
Build info: version: '3.141.59', revision: 'e82be7d358', time: '2018-11-14T08:17:03'
System info: host: 'DESKTOP-JRNB4RM', ip: '192.168.1.245', os.name: 'Windows 10', os.arch: 'amd64', os.version: '10.0', java.version: '11.0.5'
Driver info: io.appium.java_client.android.AndroidDriver
Capabilities {app: C:\apkFiles\Wellzio-RELEASE..., appActivity: .MainActivity, appPackage: com.wellzio, autoAcceptAlerts: true, autoDismissAlerts: true, databaseEnabled: false, desired: {app: C:\apkFiles\Wellzio-RELEASE..., appActivity: .MainActivity, appPackage: com.wellzio, autoAcceptAlerts: true, autoDismissAlerts: true, deviceName: Android Emulator, noReset: true, platformName: android, platformVersion: 9, resetKeyboard: true, unicodeKeyboard: true}, deviceManufacturer: Google, deviceModel: Android SDK built for x86, deviceName: emulator-5554, deviceScreenSize: 480x800, deviceUDID: emulator-5554, javascriptEnabled: true, locationContextEnabled: false, networkConnectionEnabled: true, noReset: true, platform: LINUX, platformName: Android, platformVersion: 9, resetKeyboard: true, takesScreenshot: true, unicodeKeyboard: true, warnings: {}, webStorageEnabled: false}
Session ID: b0849b8e-db07-4ac6-a8f1-46196ef12757
at org.openqa.selenium.remote.http.W3CHttpResponseCodec.createException(W3CHttpResponseCodec.java:187)
at org.openqa.selenium.remote.http.W3CHttpResponseCodec.decode(W3CHttpResponseCodec.java:122)
at org.openqa.selenium.remote.http.W3CHttpResponseCodec.decode(W3CHttpResponseCodec.java:49)
at org.openqa.selenium.remote.HttpCommandExecutor.execute(HttpCommandExecutor.java:158)
at io.appium.java_client.remote.AppiumCommandExecutor.execute(AppiumCommandExecutor.java:239)
at org.openqa.selenium.remote.RemoteWebDriver.execute(RemoteWebDriver.java:552)
at io.appium.java_client.DefaultGenericMobileDriver.execute(DefaultGenericMobileDriver.java:45)
at io.appium.java_client.AppiumDriver.execute(AppiumDriver.java:1)
at io.appium.java_client.android.AndroidDriver.execute(AndroidDriver.java:1)
at io.appium.java_client.HasSessionDetails.getSessionDetails(HasSessionDetails.java:42)
at io.appium.java_client.HasSessionDetails.getSessionDetail(HasSessionDetails.java:59)
at io.appium.java_client.HasSessionDetails.isBrowser(HasSessionDetails.java:89)
at io.appium.java_client.AppiumDriver.isBrowser(AppiumDriver.java:317)
at io.appium.java_client.pagefactory.utils.WebDriverUnpackUtility.lambda$0(WebDriverUnpackUtility.java:87)
at java.base/java.util.Optional.map(Optional.java:265)
at io.appium.java_client.pagefactory.utils.WebDriverUnpackUtility.getCurrentContentType(WebDriverUnpackUtility.java:83)
at io.appium.java_client.pagefactory.AppiumElementLocator.getBy(AppiumElementLocator.java:90)
at io.appium.java_client.pagefactory.AppiumElementLocator.findElement(AppiumElementLocator.java:117)
at io.appium.java_client.pagefactory.interceptors.InterceptorOfASingleElement.intercept(InterceptorOfASingleElement.java:59)
at io.appium.java_client.android.AndroidElement$$EnhancerByCGLIB$$b598166c.isDisplayed(<generated>)
at com.patient_Pages.Patient_Mychart_Page.settings_Page_Icon(Patient_Mychart_Page.java:37)
at com.patient_Role_Tests.Mychartpagetest.settings_Page_IconTest(Mychartpagetest.java:46)
at java.base/java.util.concurrent.ThreadPoolExecutor.runWorker(ThreadPoolExecutor.java:1128)
at java.base/java.util.concurrent.ThreadPoolExecutor$Worker.run(ThreadPoolExecutor.java:628)
at java.base/java.lang.Thread.run(Thread.java:834)
... Removed 16 stack frames]]>
    </failure>
  </testcase> <!-- settings_Page_IconTest -->
  <testcase classname="com.patient_Role_Tests.Patient_Login_Page_Test" name="Sign_in_buttonTest" time="0.084"/>
  <testcase classname="com.patient_Role_Tests.Patient_Login_Page_Test" name="sign_in_pageTitleTest" time="0.051"/>
  <testcase classname="com.patient_Role_Tests.Mychartpagetest" name="verifyMychartpage_TitleTest" time="5.008">
    <failure type="org.openqa.selenium.NoSuchSessionException" message="A session is either terminated or not started
Build info: version: &amp;apos;3.141.59&amp;apos;, revision: &amp;apos;e82be7d358&amp;apos;, time: &amp;apos;2018-11-14T08:17:03&amp;apos;
System info: host: &amp;apos;DESKTOP-JRNB4RM&amp;apos;, ip: &amp;apos;192.168.1.245&amp;apos;, os.name: &amp;apos;Windows 10&amp;apos;, os.arch: &amp;apos;amd64&amp;apos;, os.version: &amp;apos;10.0&amp;apos;, java.version: &amp;apos;11.0.5&amp;apos;
Driver info: io.appium.java_client.android.AndroidDriver
Capabilities {app: C:\apkFiles\Wellzio-RELEASE..., appActivity: .MainActivity, appPackage: com.wellzio, autoAcceptAlerts: true, autoDismissAlerts: true, databaseEnabled: false, desired: {app: C:\apkFiles\Wellzio-RELEASE..., appActivity: .MainActivity, appPackage: com.wellzio, autoAcceptAlerts: true, autoDismissAlerts: true, deviceName: Android Emulator, noReset: true, platformName: android, platformVersion: 9, resetKeyboard: true, unicodeKeyboard: true}, deviceManufacturer: Google, deviceModel: Android SDK built for x86, deviceName: emulator-5554, deviceScreenSize: 480x800, deviceUDID: emulator-5554, javascriptEnabled: true, locationContextEnabled: false, networkConnectionEnabled: true, noReset: true, platform: LINUX, platformName: Android, platformVersion: 9, resetKeyboard: true, takesScreenshot: true, unicodeKeyboard: true, warnings: {}, webStorageEnabled: false}
Session ID: b0849b8e-db07-4ac6-a8f1-46196ef12757">
      <![CDATA[org.openqa.selenium.NoSuchSessionException: A session is either terminated or not started
Build info: version: '3.141.59', revision: 'e82be7d358', time: '2018-11-14T08:17:03'
System info: host: 'DESKTOP-JRNB4RM', ip: '192.168.1.245', os.name: 'Windows 10', os.arch: 'amd64', os.version: '10.0', java.version: '11.0.5'
Driver info: io.appium.java_client.android.AndroidDriver
Capabilities {app: C:\apkFiles\Wellzio-RELEASE..., appActivity: .MainActivity, appPackage: com.wellzio, autoAcceptAlerts: true, autoDismissAlerts: true, databaseEnabled: false, desired: {app: C:\apkFiles\Wellzio-RELEASE..., appActivity: .MainActivity, appPackage: com.wellzio, autoAcceptAlerts: true, autoDismissAlerts: true, deviceName: Android Emulator, noReset: true, platformName: android, platformVersion: 9, resetKeyboard: true, unicodeKeyboard: true}, deviceManufacturer: Google, deviceModel: Android SDK built for x86, deviceName: emulator-5554, deviceScreenSize: 480x800, deviceUDID: emulator-5554, javascriptEnabled: true, locationContextEnabled: false, networkConnectionEnabled: true, noReset: true, platform: LINUX, platformName: Android, platformVersion: 9, resetKeyboard: true, takesScreenshot: true, unicodeKeyboard: true, warnings: {}, webStorageEnabled: false}
Session ID: b0849b8e-db07-4ac6-a8f1-46196ef12757
at org.openqa.selenium.remote.http.W3CHttpResponseCodec.createException(W3CHttpResponseCodec.java:187)
at org.openqa.selenium.remote.http.W3CHttpResponseCodec.decode(W3CHttpResponseCodec.java:122)
at org.openqa.selenium.remote.http.W3CHttpResponseCodec.decode(W3CHttpResponseCodec.java:49)
at org.openqa.selenium.remote.HttpCommandExecutor.execute(HttpCommandExecutor.java:158)
at io.appium.java_client.remote.AppiumCommandExecutor.execute(AppiumCommandExecutor.java:239)
at org.openqa.selenium.remote.RemoteWebDriver.execute(RemoteWebDriver.java:552)
at io.appium.java_client.DefaultGenericMobileDriver.execute(DefaultGenericMobileDriver.java:45)
at io.appium.java_client.AppiumDriver.execute(AppiumDriver.java:1)
at io.appium.java_client.android.AndroidDriver.execute(AndroidDriver.java:1)
at io.appium.java_client.HasSessionDetails.getSessionDetails(HasSessionDetails.java:42)
at io.appium.java_client.HasSessionDetails.getSessionDetail(HasSessionDetails.java:59)
at io.appium.java_client.HasSessionDetails.isBrowser(HasSessionDetails.java:89)
at io.appium.java_client.AppiumDriver.isBrowser(AppiumDriver.java:317)
at io.appium.java_client.pagefactory.utils.WebDriverUnpackUtility.lambda$0(WebDriverUnpackUtility.java:87)
at java.base/java.util.Optional.map(Optional.java:265)
at io.appium.java_client.pagefactory.utils.WebDriverUnpackUtility.getCurrentContentType(WebDriverUnpackUtility.java:83)
at io.appium.java_client.pagefactory.AppiumElementLocator.getBy(AppiumElementLocator.java:90)
at io.appium.java_client.pagefactory.AppiumElementLocator.findElement(AppiumElementLocator.java:117)
at io.appium.java_client.pagefactory.interceptors.InterceptorOfASingleElement.intercept(InterceptorOfASingleElement.java:59)
at io.appium.java_client.android.AndroidElement$$EnhancerByCGLIB$$b598166c.getText(<generated>)
at com.patient_Pages.Patient_Mychart_Page.page_Title(Patient_Mychart_Page.java:31)
at com.patient_Role_Tests.Mychartpagetest.verifyMychartpage_TitleTest(Mychartpagetest.java:37)
at java.base/java.util.concurrent.ThreadPoolExecutor.runWorker(ThreadPoolExecutor.java:1128)
at java.base/java.util.concurrent.ThreadPoolExecutor$Worker.run(ThreadPoolExecutor.java:628)
at java.base/java.lang.Thread.run(Thread.java:834)
... Removed 16 stack frames]]>
    </failure>
  </testcase> <!-- verifyMychartpage_TitleTest -->
</testsuite> <!-- Test -->
