<?xml version="1.0" encoding="UTF-8"?>
<testng-results ignored="0" total="5" passed="5" failed="0" skipped="0">
  <reporter-output>
  </reporter-output>
  <suite started-at="2020-01-10T11:32:00 IST" name="wellzio_Suite" finished-at="2020-01-10T11:35:30 IST" duration-ms="210721">
    <groups>
    </groups>
    <test started-at="2020-01-10T11:32:00 IST" name="Test" finished-at="2020-01-10T11:35:30 IST" duration-ms="210721">
      <class name="com.patient_Role_Tests.Patient_Login_Page_Test">
        <test-method is-config="true" signature="loginSession()[pri:0, instance:com.patient_Role_Tests.Patient_Login_Page_Test@2b4bac49]" started-at="2020-01-10T11:32:00 IST" name="loginSession" finished-at="2020-01-10T11:32:09 IST" duration-ms="9710" status="PASS">
          <reporter-output>
          </reporter-output>
        </test-method> <!-- loginSession -->
        <test-method signature="sign_in_pageTitleTest()[pri:1, instance:com.patient_Role_Tests.Patient_Login_Page_Test@2b4bac49]" started-at="2020-01-10T11:32:09 IST" name="sign_in_pageTitleTest" finished-at="2020-01-10T11:32:10 IST" duration-ms="88" status="PASS">
          <reporter-output>
          </reporter-output>
        </test-method> <!-- sign_in_pageTitleTest -->
        <test-method is-config="true" signature="loginTeardown()[pri:0, instance:com.patient_Role_Tests.Patient_Login_Page_Test@2b4bac49]" started-at="2020-01-10T11:32:10 IST" name="loginTeardown" finished-at="2020-01-10T11:32:10 IST" duration-ms="925" status="PASS">
          <reporter-output>
          </reporter-output>
        </test-method> <!-- loginTeardown -->
        <test-method is-config="true" signature="loginSession()[pri:0, instance:com.patient_Role_Tests.Patient_Login_Page_Test@2b4bac49]" started-at="2020-01-10T11:32:10 IST" name="loginSession" finished-at="2020-01-10T11:32:20 IST" duration-ms="9091" status="PASS">
          <reporter-output>
          </reporter-output>
        </test-method> <!-- loginSession -->
        <test-method signature="Sign_in_buttonTest()[pri:2, instance:com.patient_Role_Tests.Patient_Login_Page_Test@2b4bac49]" started-at="2020-01-10T11:32:20 IST" name="Sign_in_buttonTest" finished-at="2020-01-10T11:32:20 IST" duration-ms="66" status="PASS">
          <reporter-output>
          </reporter-output>
        </test-method> <!-- Sign_in_buttonTest -->
        <test-method is-config="true" signature="loginTeardown()[pri:0, instance:com.patient_Role_Tests.Patient_Login_Page_Test@2b4bac49]" started-at="2020-01-10T11:32:20 IST" name="loginTeardown" finished-at="2020-01-10T11:32:21 IST" duration-ms="1005" status="PASS">
          <reporter-output>
          </reporter-output>
        </test-method> <!-- loginTeardown -->
      </class> <!-- com.patient_Role_Tests.Patient_Login_Page_Test -->
      <class name="com.patient_Role_Tests.Mychartpagetest">
        <test-method is-config="true" signature="iniTial()[pri:0, instance:com.patient_Role_Tests.Mychartpagetest@fd07cbb]" started-at="2020-01-10T11:32:21 IST" name="iniTial" finished-at="2020-01-10T11:32:46 IST" duration-ms="25755" status="PASS">
          <reporter-output>
          </reporter-output>
        </test-method> <!-- iniTial -->
        <test-method signature="settings_Page_IconTest()[pri:1, instance:com.patient_Role_Tests.Mychartpagetest@fd07cbb]" started-at="2020-01-10T11:32:46 IST" name="settings_Page_IconTest" finished-at="2020-01-10T11:32:48 IST" duration-ms="2036" status="PASS">
          <reporter-output>
          </reporter-output>
        </test-method> <!-- settings_Page_IconTest -->
        <test-method is-config="true" signature="loginTeardown()[pri:0, instance:com.patient_Role_Tests.Mychartpagetest@fd07cbb]" started-at="2020-01-10T11:32:48 IST" name="loginTeardown" finished-at="2020-01-10T11:32:49 IST" duration-ms="1021" status="PASS">
          <reporter-output>
          </reporter-output>
        </test-method> <!-- loginTeardown -->
        <test-method is-config="true" signature="iniTial()[pri:0, instance:com.patient_Role_Tests.Mychartpagetest@fd07cbb]" started-at="2020-01-10T11:32:49 IST" name="iniTial" finished-at="2020-01-10T11:33:15 IST" duration-ms="25570" status="PASS">
          <reporter-output>
          </reporter-output>
        </test-method> <!-- iniTial -->
        <test-method signature="verifyMychartpage_TitleTest()[pri:1, instance:com.patient_Role_Tests.Mychartpagetest@fd07cbb]" started-at="2020-01-10T11:33:15 IST" name="verifyMychartpage_TitleTest" finished-at="2020-01-10T11:33:20 IST" duration-ms="5094" status="PASS">
          <reporter-output>
          </reporter-output>
        </test-method> <!-- verifyMychartpage_TitleTest -->
        <test-method is-config="true" signature="loginTeardown()[pri:0, instance:com.patient_Role_Tests.Mychartpagetest@fd07cbb]" started-at="2020-01-10T11:33:20 IST" name="loginTeardown" finished-at="2020-01-10T11:33:21 IST" duration-ms="993" status="PASS">
          <reporter-output>
          </reporter-output>
        </test-method> <!-- loginTeardown -->
      </class> <!-- com.patient_Role_Tests.Mychartpagetest -->
      <class name="com.patient_Role_Tests.Econsult_Page_Test">
        <test-method is-config="true" signature="iniTial()[pri:0, instance:com.patient_Role_Tests.Econsult_Page_Test@3571b748]" started-at="2020-01-10T11:33:21 IST" name="iniTial" finished-at="2020-01-10T11:33:50 IST" duration-ms="28899" status="PASS">
          <reporter-output>
          </reporter-output>
        </test-method> <!-- iniTial -->
        <test-method signature="E_consult()[pri:1, instance:com.patient_Role_Tests.Econsult_Page_Test@3571b748]" started-at="2020-01-10T11:33:50 IST" name="E_consult" finished-at="2020-01-10T11:35:29 IST" duration-ms="99355" status="PASS">
          <reporter-output>
          </reporter-output>
        </test-method> <!-- E_consult -->
        <test-method is-config="true" signature="loginTeardown()[pri:0, instance:com.patient_Role_Tests.Econsult_Page_Test@3571b748]" started-at="2020-01-10T11:35:29 IST" name="loginTeardown" finished-at="2020-01-10T11:35:30 IST" duration-ms="1074" status="PASS">
          <reporter-output>
          </reporter-output>
        </test-method> <!-- loginTeardown -->
      </class> <!-- com.patient_Role_Tests.Econsult_Page_Test -->
    </test> <!-- Test -->
  </suite> <!-- wellzio_Suite -->
</testng-results>
