<?xml version="1.0" encoding="UTF-8"?>
<!-- Generated by org.testng.reporters.JUnitXMLReporter -->
<testsuite ignored="0" hostname="DESKTOP-JRNB4RM" failures="0" tests="5" name="Test" time="231.584" errors="0" timestamp="2020-01-13T17:27:58 IST">
  <testcase classname="com.patient_Role_Tests.Patient_Login_Page_Test" name="sign_in_pageTitleTest" time="3.272"/>
  <testcase classname="com.patient_Role_Tests.Patient_Login_Page_Test" name="Sign_in_buttonTest" time="0.051"/>
  <testcase classname="com.patient_Role_Tests.Mychartpagetest" name="settings_Page_IconTest" time="4.64"/>
  <testcase classname="com.patient_Role_Tests.Mychartpagetest" name="verifyMychartpage_TitleTest" time="5.053"/>
  <testcase classname="com.patient_Role_Tests.Econsult_Page_Test" name="E_consult" time="110.599"/>
</testsuite> <!-- Test -->
