<?xml version="1.0" encoding="UTF-8"?>
<!-- Generated by org.testng.reporters.JUnitXMLReporter -->
<testsuite ignored="0" hostname="DESKTOP-JRNB4RM" failures="0" tests="5" name="Test" time="210.721" errors="0" timestamp="2020-01-10T11:35:30 IST">
  <testcase classname="com.patient_Role_Tests.Patient_Login_Page_Test" name="sign_in_pageTitleTest" time="0.088"/>
  <testcase classname="com.patient_Role_Tests.Patient_Login_Page_Test" name="Sign_in_buttonTest" time="0.066"/>
  <testcase classname="com.patient_Role_Tests.Mychartpagetest" name="settings_Page_IconTest" time="2.036"/>
  <testcase classname="com.patient_Role_Tests.Mychartpagetest" name="verifyMychartpage_TitleTest" time="5.094"/>
  <testcase classname="com.patient_Role_Tests.Econsult_Page_Test" name="E_consult" time="99.355"/>
</testsuite> <!-- Test -->
